<?xml version="1.0" encoding="UTF-8"?>
<testsuites name="jest tests" tests="50" failures="5" errors="0" time="22.996">
  <testsuite name="BarcodeScanner Service" errors="0" failures="0" skipped="0" timestamp="2025-10-11T21:47:52" time="2.224" tests="8">
    <testcase classname="BarcodeScanner Service processScanResult should process valid UPC-A barcode (12 digits)" name="BarcodeScanner Service processScanResult should process valid UPC-A barcode (12 digits)" time="0.013">
    </testcase>
    <testcase classname="BarcodeScanner Service processScanResult should process valid UPC-E barcode (8 digits)" name="BarcodeScanner Service processScanResult should process valid UPC-E barcode (8 digits)" time="0">
    </testcase>
    <testcase classname="BarcodeScanner Service processScanResult should process valid EAN-13 barcode (13 digits)" name="BarcodeScanner Service processScanResult should process valid EAN-13 barcode (13 digits)" time="0.001">
    </testcase>
    <testcase classname="BarcodeScanner Service processScanResult should reject invalid barcode formats" name="BarcodeScanner Service processScanResult should reject invalid barcode formats" time="0.02">
    </testcase>
    <testcase classname="BarcodeScanner Service processScanResult should handle scan result processing errors gracefully" name="BarcodeScanner Service processScanResult should handle scan result processing errors gracefully" time="0.003">
    </testcase>
    <testcase classname="BarcodeScanner Service configuration should have default configuration" name="BarcodeScanner Service configuration should have default configuration" time="0.002">
    </testcase>
    <testcase classname="BarcodeScanner Service configuration should allow configuration updates" name="BarcodeScanner Service configuration should allow configuration updates" time="0.001">
    </testcase>
    <testcase classname="BarcodeScanner Service configuration should create scanner with custom configuration" name="BarcodeScanner Service configuration should create scanner with custom configuration" time="0.001">
    </testcase>
  </testsuite>
  <testsuite name="CI/CD Setup Verification" errors="0" failures="0" skipped="0" timestamp="2025-10-11T21:47:52" time="2.294" tests="9">
    <testcase classname="CI/CD Setup Verification Test Environment should have CI environment variable set in CI" name="CI/CD Setup Verification Test Environment should have CI environment variable set in CI" time="0.016">
    </testcase>
    <testcase classname="CI/CD Setup Verification Test Environment should have Node.js version 18 or higher" name="CI/CD Setup Verification Test Environment should have Node.js version 18 or higher" time="0.001">
    </testcase>
    <testcase classname="CI/CD Setup Verification Test Environment should have required test dependencies available" name="CI/CD Setup Verification Test Environment should have required test dependencies available" time="0.002">
    </testcase>
    <testcase classname="CI/CD Setup Verification Test Configuration should have proper test timeout configured" name="CI/CD Setup Verification Test Configuration should have proper test timeout configured" time="0.001">
    </testcase>
    <testcase classname="CI/CD Setup Verification Test Configuration should support TypeScript" name="CI/CD Setup Verification Test Configuration should support TypeScript" time="0">
    </testcase>
    <testcase classname="CI/CD Setup Verification Test Configuration should have test environment configured correctly" name="CI/CD Setup Verification Test Configuration should have test environment configured correctly" time="0">
    </testcase>
    <testcase classname="CI/CD Setup Verification Coverage Configuration should be configured to collect coverage" name="CI/CD Setup Verification Coverage Configuration should be configured to collect coverage" time="0.001">
    </testcase>
    <testcase classname="CI/CD Setup Verification Reporting Configuration should support JUnit XML reporting" name="CI/CD Setup Verification Reporting Configuration should support JUnit XML reporting" time="0.091">
    </testcase>
    <testcase classname="CI/CD Setup Verification Mock Environment Variables should handle missing environment variables gracefully" name="CI/CD Setup Verification Mock Environment Variables should handle missing environment variables gracefully" time="0">
    </testcase>
  </testsuite>
  <testsuite name="DatabaseService" errors="0" failures="0" skipped="0" timestamp="2025-10-11T21:47:52" time="2.561" tests="8">
    <testcase classname="DatabaseService connect should connect successfully on first attempt" name="DatabaseService connect should connect successfully on first attempt" time="0.09">
    </testcase>
    <testcase classname="DatabaseService connect should retry on connection failure and eventually succeed" name="DatabaseService connect should retry on connection failure and eventually succeed" time="0.163">
    </testcase>
    <testcase classname="DatabaseService connect should throw error after max retry attempts" name="DatabaseService connect should throw error after max retry attempts" time="0.107">
    </testcase>
    <testcase classname="DatabaseService findProductByUPC should find product by UPC" name="DatabaseService findProductByUPC should find product by UPC" time="0.006">
    </testcase>
    <testcase classname="DatabaseService findProductByUPC should return null when product not found" name="DatabaseService findProductByUPC should return null when product not found" time="0.003">
    </testcase>
    <testcase classname="DatabaseService saveUserProfile should save user profile successfully" name="DatabaseService saveUserProfile should save user profile successfully" time="0.004">
    </testcase>
    <testcase classname="DatabaseService saveScanHistory should save scan history successfully" name="DatabaseService saveScanHistory should save scan history successfully" time="0.005">
    </testcase>
    <testcase classname="DatabaseService disconnect should disconnect successfully" name="DatabaseService disconnect should disconnect successfully" time="0">
    </testcase>
  </testsuite>
  <testsuite name="AI Service Integration" errors="0" failures="0" skipped="0" timestamp="2025-10-11T21:47:52" time="2.786" tests="9">
    <testcase classname="AI Service Integration Service Factory should create dietary analysis service" name="AI Service Integration Service Factory should create dietary analysis service" time="0.053">
    </testcase>
    <testcase classname="AI Service Integration Service Factory should handle missing API keys gracefully" name="AI Service Integration Service Factory should handle missing API keys gracefully" time="0.006">
    </testcase>
    <testcase classname="AI Service Integration Dietary Analysis Service should provide fallback analysis when AI services fail" name="AI Service Integration Dietary Analysis Service should provide fallback analysis when AI services fail" time="0.07">
    </testcase>
    <testcase classname="AI Service Integration Dietary Analysis Service should detect violations in fallback mode" name="AI Service Integration Dietary Analysis Service should detect violations in fallback mode" time="0.007">
    </testcase>
    <testcase classname="AI Service Integration Dietary Analysis Service should return safe for products without violations" name="AI Service Integration Dietary Analysis Service should return safe for products without violations" time="0.008">
    </testcase>
    <testcase classname="AI Service Integration Dietary Analysis Service should handle empty ingredients gracefully" name="AI Service Integration Dietary Analysis Service should handle empty ingredients gracefully" time="0.007">
    </testcase>
    <testcase classname="AI Service Integration Dietary Analysis Service should handle empty restrictions gracefully" name="AI Service Integration Dietary Analysis Service should handle empty restrictions gracefully" time="0.007">
    </testcase>
    <testcase classname="AI Service Integration Service Status should track service status" name="AI Service Integration Service Status should track service status" time="0.008">
    </testcase>
    <testcase classname="AI Service Integration Service Status should get current service status" name="AI Service Integration Service Status should get current service status" time="0.002">
    </testcase>
  </testsuite>
  <testsuite name="ScanScreen" errors="0" failures="0" skipped="0" timestamp="2025-10-11T21:47:52" time="3.931" tests="6">
    <testcase classname="ScanScreen renders initial state correctly" name="ScanScreen renders initial state correctly" time="1.058">
    </testcase>
    <testcase classname="ScanScreen shows scanner when scan button is pressed" name="ScanScreen shows scanner when scan button is pressed" time="0.012">
    </testcase>
    <testcase classname="ScanScreen processes valid barcode scan correctly" name="ScanScreen processes valid barcode scan correctly" time="0.026">
    </testcase>
    <testcase classname="ScanScreen handles scan errors correctly" name="ScanScreen handles scan errors correctly" time="0.037">
    </testcase>
    <testcase classname="ScanScreen closes scanner when close button is pressed" name="ScanScreen closes scanner when close button is pressed" time="0.01">
    </testcase>
    <testcase classname="ScanScreen displays last scanned barcode" name="ScanScreen displays last scanned barcode" time="0.014">
    </testcase>
  </testsuite>
  <testsuite name="BarcodeScanner" errors="0" failures="5" skipped="0" timestamp="2025-10-11T21:47:52" time="8.821" tests="10">
    <testcase classname="BarcodeScanner renders correctly when permission is granted" name="BarcodeScanner renders correctly when permission is granted" time="2.077">
      <failure>Error: Unable to find an element with text: Point camera at barcode

&lt;View&gt;
  &lt;Text&gt;
    Requesting camera permission...
  &lt;/Text&gt;
&lt;/View&gt;
    at Object.&lt;anonymous&gt; (C:\git\SMARTIES\smarties\src\components\scanner\__tests__\BarcodeScanner.test.tsx:59:18)
    at Generator.next (&lt;anonymous&gt;)
    at asyncGeneratorStep (C:\git\SMARTIES\smarties\node_modules\@babel\runtime\helpers\asyncToGenerator.js:3:17)
    at _next (C:\git\SMARTIES\smarties\node_modules\@babel\runtime\helpers\asyncToGenerator.js:17:9)
    at C:\git\SMARTIES\smarties\node_modules\@babel\runtime\helpers\asyncToGenerator.js:22:7
    at new Promise (&lt;anonymous&gt;)
    at Object.&lt;anonymous&gt; (C:\git\SMARTIES\smarties\node_modules\@babel\runtime\helpers\asyncToGenerator.js:14:12)
    at Promise.then.completed (C:\git\SMARTIES\smarties\node_modules\jest-circus\build\utils.js:298:28)
    at new Promise (&lt;anonymous&gt;)
    at callAsyncCircusFn (C:\git\SMARTIES\smarties\node_modules\jest-circus\build\utils.js:231:10)
    at _callCircusTest (C:\git\SMARTIES\smarties\node_modules\jest-circus\build\run.js:316:40)
    at processTicksAndRejections (node:internal/process/task_queues:105:5)
    at _runTest (C:\git\SMARTIES\smarties\node_modules\jest-circus\build\run.js:252:3)
    at _runTestsForDescribeBlock (C:\git\SMARTIES\smarties\node_modules\jest-circus\build\run.js:126:9)
    at _runTestsForDescribeBlock (C:\git\SMARTIES\smarties\node_modules\jest-circus\build\run.js:121:9)
    at run (C:\git\SMARTIES\smarties\node_modules\jest-circus\build\run.js:71:3)
    at runAndTransformResultsToJestFormat (C:\git\SMARTIES\smarties\node_modules\jest-circus\build\legacy-code-todo-rewrite\jestAdapterInit.js:122:21)
    at jestAdapter (C:\git\SMARTIES\smarties\node_modules\jest-circus\build\legacy-code-todo-rewrite\jestAdapter.js:79:19)
    at runTestInternal (C:\git\SMARTIES\smarties\node_modules\jest-runner\build\runTest.js:367:16)
    at runTest (C:\git\SMARTIES\smarties\node_modules\jest-runner\build\runTest.js:444:34)
    at Object.worker (C:\git\SMARTIES\smarties\node_modules\jest-runner\build\testWorker.js:106:12)</failure>
    </testcase>
    <testcase classname="BarcodeScanner shows permission request when permission is null" name="BarcodeScanner shows permission request when permission is null" time="0.007">
    </testcase>
    <testcase classname="BarcodeScanner shows permission denied message when permission is denied" name="BarcodeScanner shows permission denied message when permission is denied" time="1.004">
      <failure>Error: Unable to find an element with text: No access to camera

&lt;View&gt;
  &lt;Text&gt;
    Requesting camera permission...
  &lt;/Text&gt;
&lt;/View&gt;
    at Object.&lt;anonymous&gt; (C:\git\SMARTIES\smarties\src\components\scanner\__tests__\BarcodeScanner.test.tsx:93:18)
    at Generator.next (&lt;anonymous&gt;)
    at asyncGeneratorStep (C:\git\SMARTIES\smarties\node_modules\@babel\runtime\helpers\asyncToGenerator.js:3:17)
    at _next (C:\git\SMARTIES\smarties\node_modules\@babel\runtime\helpers\asyncToGenerator.js:17:9)
    at C:\git\SMARTIES\smarties\node_modules\@babel\runtime\helpers\asyncToGenerator.js:22:7
    at new Promise (&lt;anonymous&gt;)
    at Object.&lt;anonymous&gt; (C:\git\SMARTIES\smarties\node_modules\@babel\runtime\helpers\asyncToGenerator.js:14:12)
    at Promise.then.completed (C:\git\SMARTIES\smarties\node_modules\jest-circus\build\utils.js:298:28)
    at new Promise (&lt;anonymous&gt;)
    at callAsyncCircusFn (C:\git\SMARTIES\smarties\node_modules\jest-circus\build\utils.js:231:10)
    at _callCircusTest (C:\git\SMARTIES\smarties\node_modules\jest-circus\build\run.js:316:40)
    at _runTest (C:\git\SMARTIES\smarties\node_modules\jest-circus\build\run.js:252:3)
    at _runTestsForDescribeBlock (C:\git\SMARTIES\smarties\node_modules\jest-circus\build\run.js:126:9)
    at _runTestsForDescribeBlock (C:\git\SMARTIES\smarties\node_modules\jest-circus\build\run.js:121:9)
    at run (C:\git\SMARTIES\smarties\node_modules\jest-circus\build\run.js:71:3)
    at runAndTransformResultsToJestFormat (C:\git\SMARTIES\smarties\node_modules\jest-circus\build\legacy-code-todo-rewrite\jestAdapterInit.js:122:21)
    at jestAdapter (C:\git\SMARTIES\smarties\node_modules\jest-circus\build\legacy-code-todo-rewrite\jestAdapter.js:79:19)
    at runTestInternal (C:\git\SMARTIES\smarties\node_modules\jest-runner\build\runTest.js:367:16)
    at runTest (C:\git\SMARTIES\smarties\node_modules\jest-runner\build\runTest.js:444:34)
    at Object.worker (C:\git\SMARTIES\smarties\node_modules\jest-runner\build\testWorker.js:106:12)</failure>
    </testcase>
    <testcase classname="BarcodeScanner handles valid UPC barcode correctly" name="BarcodeScanner handles valid UPC barcode correctly" time="1.004">
      <failure>Error: Unable to find an element with text: Point camera at barcode

&lt;View&gt;
  &lt;Text&gt;
    Requesting camera permission...
  &lt;/Text&gt;
&lt;/View&gt;
    at Object.&lt;anonymous&gt; (C:\git\SMARTIES\smarties\src\components\scanner\__tests__\BarcodeScanner.test.tsx:107:18)
    at Generator.next (&lt;anonymous&gt;)
    at asyncGeneratorStep (C:\git\SMARTIES\smarties\node_modules\@babel\runtime\helpers\asyncToGenerator.js:3:17)
    at _next (C:\git\SMARTIES\smarties\node_modules\@babel\runtime\helpers\asyncToGenerator.js:17:9)
    at C:\git\SMARTIES\smarties\node_modules\@babel\runtime\helpers\asyncToGenerator.js:22:7
    at new Promise (&lt;anonymous&gt;)
    at Object.&lt;anonymous&gt; (C:\git\SMARTIES\smarties\node_modules\@babel\runtime\helpers\asyncToGenerator.js:14:12)
    at Promise.then.completed (C:\git\SMARTIES\smarties\node_modules\jest-circus\build\utils.js:298:28)
    at new Promise (&lt;anonymous&gt;)
    at callAsyncCircusFn (C:\git\SMARTIES\smarties\node_modules\jest-circus\build\utils.js:231:10)
    at _callCircusTest (C:\git\SMARTIES\smarties\node_modules\jest-circus\build\run.js:316:40)
    at _runTest (C:\git\SMARTIES\smarties\node_modules\jest-circus\build\run.js:252:3)
    at _runTestsForDescribeBlock (C:\git\SMARTIES\smarties\node_modules\jest-circus\build\run.js:126:9)
    at _runTestsForDescribeBlock (C:\git\SMARTIES\smarties\node_modules\jest-circus\build\run.js:121:9)
    at run (C:\git\SMARTIES\smarties\node_modules\jest-circus\build\run.js:71:3)
    at runAndTransformResultsToJestFormat (C:\git\SMARTIES\smarties\node_modules\jest-circus\build\legacy-code-todo-rewrite\jestAdapterInit.js:122:21)
    at jestAdapter (C:\git\SMARTIES\smarties\node_modules\jest-circus\build\legacy-code-todo-rewrite\jestAdapter.js:79:19)
    at runTestInternal (C:\git\SMARTIES\smarties\node_modules\jest-runner\build\runTest.js:367:16)
    at runTest (C:\git\SMARTIES\smarties\node_modules\jest-runner\build\runTest.js:444:34)
    at Object.worker (C:\git\SMARTIES\smarties\node_modules\jest-runner\build\testWorker.js:106:12)</failure>
    </testcase>
    <testcase classname="BarcodeScanner toggles torch correctly" name="BarcodeScanner toggles torch correctly" time="1.003">
      <failure>Error: Unable to find an element with text: Flash On

&lt;View&gt;
  &lt;Text&gt;
    Requesting camera permission...
  &lt;/Text&gt;
&lt;/View&gt;
    at Object.&lt;anonymous&gt; (C:\git\SMARTIES\smarties\src\components\scanner\__tests__\BarcodeScanner.test.tsx:124:18)
    at Generator.next (&lt;anonymous&gt;)
    at asyncGeneratorStep (C:\git\SMARTIES\smarties\node_modules\@babel\runtime\helpers\asyncToGenerator.js:3:17)
    at _next (C:\git\SMARTIES\smarties\node_modules\@babel\runtime\helpers\asyncToGenerator.js:17:9)
    at C:\git\SMARTIES\smarties\node_modules\@babel\runtime\helpers\asyncToGenerator.js:22:7
    at new Promise (&lt;anonymous&gt;)
    at Object.&lt;anonymous&gt; (C:\git\SMARTIES\smarties\node_modules\@babel\runtime\helpers\asyncToGenerator.js:14:12)
    at Promise.then.completed (C:\git\SMARTIES\smarties\node_modules\jest-circus\build\utils.js:298:28)
    at new Promise (&lt;anonymous&gt;)
    at callAsyncCircusFn (C:\git\SMARTIES\smarties\node_modules\jest-circus\build\utils.js:231:10)
    at _callCircusTest (C:\git\SMARTIES\smarties\node_modules\jest-circus\build\run.js:316:40)
    at _runTest (C:\git\SMARTIES\smarties\node_modules\jest-circus\build\run.js:252:3)
    at _runTestsForDescribeBlock (C:\git\SMARTIES\smarties\node_modules\jest-circus\build\run.js:126:9)
    at _runTestsForDescribeBlock (C:\git\SMARTIES\smarties\node_modules\jest-circus\build\run.js:121:9)
    at run (C:\git\SMARTIES\smarties\node_modules\jest-circus\build\run.js:71:3)
    at runAndTransformResultsToJestFormat (C:\git\SMARTIES\smarties\node_modules\jest-circus\build\legacy-code-todo-rewrite\jestAdapterInit.js:122:21)
    at jestAdapter (C:\git\SMARTIES\smarties\node_modules\jest-circus\build\legacy-code-todo-rewrite\jestAdapter.js:79:19)
    at runTestInternal (C:\git\SMARTIES\smarties\node_modules\jest-runner\build\runTest.js:367:16)
    at runTest (C:\git\SMARTIES\smarties\node_modules\jest-runner\build\runTest.js:444:34)
    at Object.worker (C:\git\SMARTIES\smarties\node_modules\jest-runner\build\testWorker.js:106:12)</failure>
    </testcase>
    <testcase classname="BarcodeScanner calls onClose when close button is pressed" name="BarcodeScanner calls onClose when close button is pressed" time="1.002">
      <failure>Error: Unable to find an element with text: Close

&lt;View&gt;
  &lt;Text&gt;
    Requesting camera permission...
  &lt;/Text&gt;
&lt;/View&gt;
    at Object.&lt;anonymous&gt; (C:\git\SMARTIES\smarties\src\components\scanner\__tests__\BarcodeScanner.test.tsx:142:18)
    at Generator.next (&lt;anonymous&gt;)
    at asyncGeneratorStep (C:\git\SMARTIES\smarties\node_modules\@babel\runtime\helpers\asyncToGenerator.js:3:17)
    at _next (C:\git\SMARTIES\smarties\node_modules\@babel\runtime\helpers\asyncToGenerator.js:17:9)
    at C:\git\SMARTIES\smarties\node_modules\@babel\runtime\helpers\asyncToGenerator.js:22:7
    at new Promise (&lt;anonymous&gt;)
    at Object.&lt;anonymous&gt; (C:\git\SMARTIES\smarties\node_modules\@babel\runtime\helpers\asyncToGenerator.js:14:12)
    at Promise.then.completed (C:\git\SMARTIES\smarties\node_modules\jest-circus\build\utils.js:298:28)
    at new Promise (&lt;anonymous&gt;)
    at callAsyncCircusFn (C:\git\SMARTIES\smarties\node_modules\jest-circus\build\utils.js:231:10)
    at _callCircusTest (C:\git\SMARTIES\smarties\node_modules\jest-circus\build\run.js:316:40)
    at _runTest (C:\git\SMARTIES\smarties\node_modules\jest-circus\build\run.js:252:3)
    at _runTestsForDescribeBlock (C:\git\SMARTIES\smarties\node_modules\jest-circus\build\run.js:126:9)
    at _runTestsForDescribeBlock (C:\git\SMARTIES\smarties\node_modules\jest-circus\build\run.js:121:9)
    at run (C:\git\SMARTIES\smarties\node_modules\jest-circus\build\run.js:71:3)
    at runAndTransformResultsToJestFormat (C:\git\SMARTIES\smarties\node_modules\jest-circus\build\legacy-code-todo-rewrite\jestAdapterInit.js:122:21)
    at jestAdapter (C:\git\SMARTIES\smarties\node_modules\jest-circus\build\legacy-code-todo-rewrite\jestAdapter.js:79:19)
    at runTestInternal (C:\git\SMARTIES\smarties\node_modules\jest-runner\build\runTest.js:367:16)
    at runTest (C:\git\SMARTIES\smarties\node_modules\jest-runner\build\runTest.js:444:34)
    at Object.worker (C:\git\SMARTIES\smarties\node_modules\jest-runner\build\testWorker.js:106:12)</failure>
    </testcase>
    <testcase classname="UPC Validation validates UPC-A (12 digits) correctly" name="UPC Validation validates UPC-A (12 digits) correctly" time="0.001">
    </testcase>
    <testcase classname="UPC Validation validates UPC-E (8 digits) correctly" name="UPC Validation validates UPC-E (8 digits) correctly" time="0">
    </testcase>
    <testcase classname="UPC Validation validates EAN-13 (13 digits) correctly" name="UPC Validation validates EAN-13 (13 digits) correctly" time="0.001">
    </testcase>
    <testcase classname="UPC Validation rejects invalid formats" name="UPC Validation rejects invalid formats" time="0.002">
    </testcase>
  </testsuite>
</testsuites>